[debug] [2022-08-08T13:08:46.176Z] ----------------------------------------------------------------------
[debug] [2022-08-08T13:08:46.178Z] Command:       C:\Program Files\nodejs\node.exe C:\Users\my\AppData\Roaming\npm\node_modules\firebase-tools\lib\bin\firebase.js init
[debug] [2022-08-08T13:08:46.179Z] CLI Version:   11.4.2
[debug] [2022-08-08T13:08:46.179Z] Platform:      win32
[debug] [2022-08-08T13:08:46.180Z] Node Version:  v18.7.0
[debug] [2022-08-08T13:08:46.181Z] Time:          Mon Aug 08 2022 18:38:46 GMT+0530 (India Standard Time)
[debug] [2022-08-08T13:08:46.181Z] ----------------------------------------------------------------------
[debug] 
[debug] [2022-08-08T13:08:46.192Z] > command requires scopes: ["email","openid","https://www.googleapis.com/auth/cloudplatformprojects.readonly","https://www.googleapis.com/auth/firebase","https://www.googleapis.com/auth/cloud-platform"]
[debug] [2022-08-08T13:08:46.192Z] > authorizing via signed-in user (prasadranjane32@gmail.com)
[info] 
     ######## #### ########  ######## ########     ###     ######  ########
     ##        ##  ##     ## ##       ##     ##  ##   ##  ##       ##
     ######    ##  ########  ######   ########  #########  ######  ######
     ##        ##  ##    ##  ##       ##     ## ##     ##       ## ##
     ##       #### ##     ## ######## ########  ##     ##  ######  ########

You're about to initialize a Firebase project in this directory:

  D:\old d\Desktop\Projects\react\mcq-app

[info] 
=== Project Setup
[info] 
[info] First, let's associate this project directory with a Firebase project.
[info] You can create multiple project aliases by running firebase use --add, 
[info] but for now we'll just set up a default project.
[info] 
